{"/Users/ongyongen/Desktop/studyPal-local/studyPal/src/firebase.js": {"path":"/Users/ongyongen/Desktop/studyPal-local/studyPal/src/firebase.js","statementMap":{"0":{"start":{"line":13,"column":19},"end":{"line":13,"column":48}},"1":{"start":{"line":14,"column":20},"end":{"line":14,"column":32}},"2":{"start":{"line":15,"column":18},"end":{"line":15,"column":35}}},"fnMap":{},"branchMap":{},"s":{"0":2,"1":2,"2":2},"f":{},"b":{},"_coverageSchema":"1a1c01bbd47fc00a2c39e90264f33305004495a9","hash":"c2eb04f8549160fd45c4511c1c6706680ad29430"}
,"/Users/ongyongen/Desktop/studyPal-local/studyPal/src/components/Home/Home.js": {"path":"/Users/ongyongen/Desktop/studyPal-local/studyPal/src/components/Home/Home.js","statementMap":{"0":{"start":{"line":15,"column":13},"end":{"line":83,"column":1}},"1":{"start":{"line":16,"column":21},"end":{"line":16,"column":34}},"2":{"start":{"line":17,"column":29},"end":{"line":17,"column":39}},"3":{"start":{"line":18,"column":52},"end":{"line":18,"column":64}},"4":{"start":{"line":19,"column":48},"end":{"line":19,"column":60}},"5":{"start":{"line":20,"column":56},"end":{"line":20,"column":68}},"6":{"start":{"line":23,"column":22},"end":{"line":23,"column":43}},"7":{"start":{"line":24,"column":21},"end":{"line":25,"column":97}},"8":{"start":{"line":28,"column":4},"end":{"line":52,"column":18}},"9":{"start":{"line":29,"column":21},"end":{"line":29,"column":25}},"10":{"start":{"line":30,"column":8},"end":{"line":51,"column":42}},"11":{"start":{"line":31,"column":22},"end":{"line":31,"column":104}},"12":{"start":{"line":32,"column":12},"end":{"line":32,"column":54}},"13":{"start":{"line":33,"column":12},"end":{"line":50,"column":14}},"14":{"start":{"line":34,"column":30},"end":{"line":34,"column":32}},"15":{"start":{"line":35,"column":16},"end":{"line":37,"column":18}},"16":{"start":{"line":36,"column":20},"end":{"line":36,"column":49}},"17":{"start":{"line":39,"column":16},"end":{"line":39,"column":111}},"18":{"start":{"line":39,"column":53},"end":{"line":39,"column":110}},"19":{"start":{"line":40,"column":16},"end":{"line":40,"column":49}},"20":{"start":{"line":40,"column":41},"end":{"line":40,"column":48}},"21":{"start":{"line":42,"column":16},"end":{"line":49,"column":17}},"22":{"start":{"line":43,"column":37},"end":{"line":43,"column":106}},"23":{"start":{"line":44,"column":31},"end":{"line":44,"column":83}},"24":{"start":{"line":45,"column":20},"end":{"line":45,"column":63}},"25":{"start":{"line":45,"column":43},"end":{"line":45,"column":62}},"26":{"start":{"line":46,"column":20},"end":{"line":46,"column":52}},"27":{"start":{"line":46,"column":47},"end":{"line":46,"column":51}},"28":{"start":{"line":48,"column":20},"end":{"line":48,"column":64}},"29":{"start":{"line":48,"column":43},"end":{"line":48,"column":63}},"30":{"start":{"line":51,"column":12},"end":{"line":51,"column":41}},"31":{"start":{"line":51,"column":26},"end":{"line":51,"column":40}},"32":{"start":{"line":55,"column":25},"end":{"line":63,"column":5}},"33":{"start":{"line":56,"column":8},"end":{"line":62,"column":9}},"34":{"start":{"line":57,"column":12},"end":{"line":57,"column":26}},"35":{"start":{"line":58,"column":12},"end":{"line":58,"column":25}},"36":{"start":{"line":59,"column":12},"end":{"line":59,"column":45}},"37":{"start":{"line":61,"column":12},"end":{"line":61,"column":34}},"38":{"start":{"line":65,"column":4},"end":{"line":82,"column":5}}},"fnMap":{"0":{"name":"(anonymous_0)","decl":{"start":{"line":15,"column":13},"end":{"line":15,"column":14}},"loc":{"start":{"line":15,"column":19},"end":{"line":83,"column":1}},"line":15},"1":{"name":"(anonymous_1)","decl":{"start":{"line":28,"column":14},"end":{"line":28,"column":15}},"loc":{"start":{"line":28,"column":20},"end":{"line":52,"column":5}},"line":28},"2":{"name":"(anonymous_2)","decl":{"start":{"line":33,"column":26},"end":{"line":33,"column":27}},"loc":{"start":{"line":33,"column":45},"end":{"line":50,"column":13}},"line":33},"3":{"name":"(anonymous_3)","decl":{"start":{"line":35,"column":38},"end":{"line":35,"column":39}},"loc":{"start":{"line":35,"column":47},"end":{"line":37,"column":17}},"line":35},"4":{"name":"(anonymous_4)","decl":{"start":{"line":39,"column":41},"end":{"line":39,"column":42}},"loc":{"start":{"line":39,"column":53},"end":{"line":39,"column":110}},"line":39},"5":{"name":"(anonymous_5)","decl":{"start":{"line":40,"column":35},"end":{"line":40,"column":36}},"loc":{"start":{"line":40,"column":41},"end":{"line":40,"column":48}},"line":40},"6":{"name":"(anonymous_6)","decl":{"start":{"line":45,"column":37},"end":{"line":45,"column":38}},"loc":{"start":{"line":45,"column":43},"end":{"line":45,"column":62}},"line":45},"7":{"name":"(anonymous_7)","decl":{"start":{"line":46,"column":41},"end":{"line":46,"column":42}},"loc":{"start":{"line":46,"column":47},"end":{"line":46,"column":51}},"line":46},"8":{"name":"(anonymous_8)","decl":{"start":{"line":48,"column":37},"end":{"line":48,"column":38}},"loc":{"start":{"line":48,"column":43},"end":{"line":48,"column":63}},"line":48},"9":{"name":"(anonymous_9)","decl":{"start":{"line":51,"column":19},"end":{"line":51,"column":20}},"loc":{"start":{"line":51,"column":25},"end":{"line":51,"column":41}},"line":51},"10":{"name":"(anonymous_10)","decl":{"start":{"line":55,"column":25},"end":{"line":55,"column":26}},"loc":{"start":{"line":55,"column":37},"end":{"line":63,"column":5}},"line":55}},"branchMap":{"0":{"loc":{"start":{"line":24,"column":21},"end":{"line":25,"column":97}},"type":"cond-expr","locations":[{"start":{"line":24,"column":60},"end":{"line":24,"column":74}},{"start":{"line":25,"column":24},"end":{"line":25,"column":97}}],"line":24},"1":{"loc":{"start":{"line":24,"column":21},"end":{"line":24,"column":57}},"type":"binary-expr","locations":[{"start":{"line":24,"column":21},"end":{"line":24,"column":37}},{"start":{"line":24,"column":41},"end":{"line":24,"column":57}}],"line":24},"2":{"loc":{"start":{"line":25,"column":24},"end":{"line":25,"column":97}},"type":"cond-expr","locations":[{"start":{"line":25,"column":64},"end":{"line":25,"column":80}},{"start":{"line":25,"column":83},"end":{"line":25,"column":97}}],"line":25},"3":{"loc":{"start":{"line":25,"column":24},"end":{"line":25,"column":61}},"type":"binary-expr","locations":[{"start":{"line":25,"column":24},"end":{"line":25,"column":41}},{"start":{"line":25,"column":45},"end":{"line":25,"column":61}}],"line":25},"4":{"loc":{"start":{"line":30,"column":8},"end":{"line":51,"column":42}},"type":"if","locations":[{"start":{"line":30,"column":8},"end":{"line":51,"column":42}},{"start":{},"end":{}}],"line":30},"5":{"loc":{"start":{"line":42,"column":16},"end":{"line":49,"column":17}},"type":"if","locations":[{"start":{"line":42,"column":16},"end":{"line":49,"column":17}},{"start":{"line":47,"column":23},"end":{"line":49,"column":17}}],"line":42},"6":{"loc":{"start":{"line":69,"column":17},"end":{"line":71,"column":41}},"type":"cond-expr","locations":[{"start":{"line":70,"column":16},"end":{"line":70,"column":42}},{"start":{"line":71,"column":17},"end":{"line":71,"column":41}}],"line":69},"7":{"loc":{"start":{"line":69,"column":17},"end":{"line":69,"column":54}},"type":"binary-expr","locations":[{"start":{"line":69,"column":17},"end":{"line":69,"column":33}},{"start":{"line":69,"column":37},"end":{"line":69,"column":54}}],"line":69},"8":{"loc":{"start":{"line":75,"column":17},"end":{"line":77,"column":111}},"type":"cond-expr","locations":[{"start":{"line":76,"column":20},"end":{"line":76,"column":88}},{"start":{"line":77,"column":20},"end":{"line":77,"column":111}}],"line":75}},"s":{"0":1,"1":0,"2":0,"3":0,"4":0,"5":0,"6":0,"7":0,"8":0,"9":0,"10":0,"11":0,"12":0,"13":0,"14":0,"15":0,"16":0,"17":0,"18":0,"19":0,"20":0,"21":0,"22":0,"23":0,"24":0,"25":0,"26":0,"27":0,"28":0,"29":0,"30":0,"31":0,"32":0,"33":0,"34":0,"35":0,"36":0,"37":0,"38":0},"f":{"0":0,"1":0,"2":0,"3":0,"4":0,"5":0,"6":0,"7":0,"8":0,"9":0,"10":0},"b":{"0":[0,0],"1":[0,0],"2":[0,0],"3":[0,0],"4":[0,0],"5":[0,0],"6":[0,0],"7":[0,0],"8":[0,0]},"_coverageSchema":"1a1c01bbd47fc00a2c39e90264f33305004495a9","hash":"f7c3eee6a5e406046b8011dfb449f325b0d61b19"}
,"/Users/ongyongen/Desktop/studyPal-local/studyPal/src/components/LandingPage/LandingPage.jsx": {"path":"/Users/ongyongen/Desktop/studyPal-local/studyPal/src/components/LandingPage/LandingPage.jsx","statementMap":{"0":{"start":{"line":6,"column":20},"end":{"line":22,"column":1}},"1":{"start":{"line":7,"column":4},"end":{"line":21,"column":5}}},"fnMap":{"0":{"name":"(anonymous_0)","decl":{"start":{"line":6,"column":20},"end":{"line":6,"column":21}},"loc":{"start":{"line":6,"column":26},"end":{"line":22,"column":1}},"line":6}},"branchMap":{},"s":{"0":1,"1":7},"f":{"0":7},"b":{},"_coverageSchema":"1a1c01bbd47fc00a2c39e90264f33305004495a9","hash":"2a3039aa31adff3307249a9fda85a93082bf368d"}
,"/Users/ongyongen/Desktop/studyPal-local/studyPal/src/components/LoginSignup/Login.js": {"path":"/Users/ongyongen/Desktop/studyPal-local/studyPal/src/components/LoginSignup/Login.js","statementMap":{"0":{"start":{"line":7,"column":14},"end":{"line":70,"column":1}},"1":{"start":{"line":8,"column":28},"end":{"line":8,"column":40}},"2":{"start":{"line":9,"column":34},"end":{"line":9,"column":46}},"3":{"start":{"line":10,"column":28},"end":{"line":10,"column":40}},"4":{"start":{"line":11,"column":19},"end":{"line":11,"column":32}},"5":{"start":{"line":12,"column":21},"end":{"line":12,"column":31}},"6":{"start":{"line":15,"column":23},"end":{"line":27,"column":3}},"7":{"start":{"line":16,"column":4},"end":{"line":16,"column":23}},"8":{"start":{"line":17,"column":4},"end":{"line":26,"column":5}},"9":{"start":{"line":18,"column":6},"end":{"line":18,"column":35}},"10":{"start":{"line":19,"column":6},"end":{"line":19,"column":23}},"11":{"start":{"line":21,"column":6},"end":{"line":25,"column":7}},"12":{"start":{"line":22,"column":8},"end":{"line":22,"column":56}},"13":{"start":{"line":24,"column":8},"end":{"line":24,"column":57}},"14":{"start":{"line":29,"column":2},"end":{"line":69,"column":3}},"15":{"start":{"line":44,"column":36},"end":{"line":44,"column":60}},"16":{"start":{"line":53,"column":35},"end":{"line":53,"column":62}}},"fnMap":{"0":{"name":"(anonymous_0)","decl":{"start":{"line":7,"column":14},"end":{"line":7,"column":15}},"loc":{"start":{"line":7,"column":20},"end":{"line":70,"column":1}},"line":7},"1":{"name":"(anonymous_1)","decl":{"start":{"line":15,"column":23},"end":{"line":15,"column":24}},"loc":{"start":{"line":15,"column":36},"end":{"line":27,"column":3}},"line":15},"2":{"name":"(anonymous_2)","decl":{"start":{"line":44,"column":29},"end":{"line":44,"column":30}},"loc":{"start":{"line":44,"column":36},"end":{"line":44,"column":60}},"line":44},"3":{"name":"(anonymous_3)","decl":{"start":{"line":53,"column":28},"end":{"line":53,"column":29}},"loc":{"start":{"line":53,"column":35},"end":{"line":53,"column":62}},"line":53}},"branchMap":{"0":{"loc":{"start":{"line":21,"column":6},"end":{"line":25,"column":7}},"type":"if","locations":[{"start":{"line":21,"column":6},"end":{"line":25,"column":7}},{"start":{"line":23,"column":13},"end":{"line":25,"column":7}}],"line":21},"1":{"loc":{"start":{"line":38,"column":11},"end":{"line":38,"column":80}},"type":"binary-expr","locations":[{"start":{"line":38,"column":11},"end":{"line":38,"column":25}},{"start":{"line":38,"column":29},"end":{"line":38,"column":80}}],"line":38}},"s":{"0":2,"1":106,"2":106,"3":106,"4":106,"5":106,"6":106,"7":4,"8":4,"9":4,"10":0,"11":4,"12":1,"13":3,"14":106,"15":56,"16":25},"f":{"0":106,"1":4,"2":56,"3":25},"b":{"0":[1,3],"1":[106,106]},"_coverageSchema":"1a1c01bbd47fc00a2c39e90264f33305004495a9","hash":"ab9d2a18eddb96a429784213d29e408eba98ce2f"}
,"/Users/ongyongen/Desktop/studyPal-local/studyPal/src/context/AuthContext.js": {"path":"/Users/ongyongen/Desktop/studyPal-local/studyPal/src/context/AuthContext.js","statementMap":{"0":{"start":{"line":12,"column":20},"end":{"line":12,"column":35}},"1":{"start":{"line":14,"column":35},"end":{"line":43,"column":1}},"2":{"start":{"line":15,"column":26},"end":{"line":15,"column":38}},"3":{"start":{"line":17,"column":21},"end":{"line":19,"column":3}},"4":{"start":{"line":18,"column":4},"end":{"line":18,"column":65}},"5":{"start":{"line":21,"column":18},"end":{"line":23,"column":4}},"6":{"start":{"line":22,"column":4},"end":{"line":22,"column":60}},"7":{"start":{"line":25,"column":17},"end":{"line":27,"column":3}},"8":{"start":{"line":26,"column":6},"end":{"line":26,"column":26}},"9":{"start":{"line":29,"column":2},"end":{"line":36,"column":9}},"10":{"start":{"line":30,"column":24},"end":{"line":32,"column":6}},"11":{"start":{"line":31,"column":6},"end":{"line":31,"column":27}},"12":{"start":{"line":33,"column":4},"end":{"line":35,"column":6}},"13":{"start":{"line":34,"column":6},"end":{"line":34,"column":20}},"14":{"start":{"line":38,"column":2},"end":{"line":42,"column":4}},"15":{"start":{"line":45,"column":24},"end":{"line":47,"column":1}},"16":{"start":{"line":46,"column":2},"end":{"line":46,"column":33}}},"fnMap":{"0":{"name":"(anonymous_0)","decl":{"start":{"line":14,"column":35},"end":{"line":14,"column":36}},"loc":{"start":{"line":14,"column":53},"end":{"line":43,"column":1}},"line":14},"1":{"name":"(anonymous_1)","decl":{"start":{"line":17,"column":21},"end":{"line":17,"column":22}},"loc":{"start":{"line":17,"column":42},"end":{"line":19,"column":3}},"line":17},"2":{"name":"(anonymous_2)","decl":{"start":{"line":21,"column":18},"end":{"line":21,"column":19}},"loc":{"start":{"line":21,"column":40},"end":{"line":23,"column":4}},"line":21},"3":{"name":"(anonymous_3)","decl":{"start":{"line":25,"column":17},"end":{"line":25,"column":18}},"loc":{"start":{"line":25,"column":23},"end":{"line":27,"column":3}},"line":25},"4":{"name":"(anonymous_4)","decl":{"start":{"line":29,"column":12},"end":{"line":29,"column":13}},"loc":{"start":{"line":29,"column":18},"end":{"line":36,"column":3}},"line":29},"5":{"name":"(anonymous_5)","decl":{"start":{"line":30,"column":49},"end":{"line":30,"column":50}},"loc":{"start":{"line":30,"column":66},"end":{"line":32,"column":5}},"line":30},"6":{"name":"(anonymous_6)","decl":{"start":{"line":33,"column":11},"end":{"line":33,"column":12}},"loc":{"start":{"line":33,"column":17},"end":{"line":35,"column":5}},"line":33},"7":{"name":"(anonymous_7)","decl":{"start":{"line":45,"column":24},"end":{"line":45,"column":25}},"loc":{"start":{"line":45,"column":30},"end":{"line":47,"column":1}},"line":45}},"branchMap":{},"s":{"0":2,"1":2,"2":20,"3":20,"4":0,"5":20,"6":4,"7":20,"8":0,"9":20,"10":16,"11":16,"12":16,"13":16,"14":20,"15":2,"16":106},"f":{"0":20,"1":0,"2":4,"3":0,"4":16,"5":16,"6":16,"7":106},"b":{},"_coverageSchema":"1a1c01bbd47fc00a2c39e90264f33305004495a9","hash":"64cbeeb258303de0463072e9567a1f04b1d5f65b"}
}
